
04-03-2024 16:56:07 - Erro ao cadastrar evento: SQLSTATE[42S02]: Base table or view not found: 1146 Table 'asa_sjc.teste' doesn't exist
04-03-2024 19:17:19 - Erro ao cadastrar evento: SQLSTATE[42S02]: Base table or view not found: 1146 Table 'asa_sjc.teste' doesn't exist
04-03-2024 21:23:57 - Erro ao deletar família(7): SQLSTATE[HY093]: Invalid parameter number: parameter was not defined
05-03-2024 22:12:46 - Erro ao buscar famílias SQLSTATE[42000]: Syntax error or access violation: 1064 You have an error in your SQL syntax; check the manual that corresponds to your MariaDB server version for the right syntax to use near '' at line 6
05-03-2024 23:14:06 - Erro ao doar cesta: SQLSTATE[HY093]: Invalid parameter number: number of bound variables does not match number of tokens
05-03-2024 23:16:57 - Erro ao doar cesta: SQLSTATE[42000]: Syntax error or access violation: 1064 You have an error in your SQL syntax; check the manual that corresponds to your MariaDB server version for the right syntax to use near 'FROM foods_stock SET qtde = 1 WHERE food_id = 6' at line 1
06-03-2024 08:52:43 - Database error: SQLSTATE[42S02]: Base table or view not found: 1146 Table 'asa_sjc.teste' doesn't exist
06-03-2024 09:20:54 - Database error: SQLSTATE[42S02]: Base table or view not found: 1146 Table 'asa_sjc.teste' doesn't exist
06-03-2024 09:21:48 - Database error: SQLSTATE[42S02]: Base table or view not found: 1146 Table 'asa_sjc.teste' doesn't exist
06-03-2024 09:27:05 - Alimento não encontrado no estoque
06-03-2024 09:27:57 - Alimento não encontrado no estoque
06-03-2024 10:01:49 - Database error: SQLSTATE[42S02]: Base table or view not found: 1146 Table 'asa_sjc.teste' doesn't exist
06-03-2024 10:03:33 - Database error: SQLSTATE[42S02]: Base table or view not found: 1146 Table 'asa_sjc.teste' doesn't exist
06-03-2024 10:16:20 - Alimento não encontrado no estoque
06-03-2024 10:18:15 - Alimento não encontrado no estoque
12-03-2024 22:09:25 - Erro ao trazer receitas:SQLSTATE[42000]: Syntax error or access violation: 1064 You have an error in your SQL syntax; check the manual that corresponds to your MariaDB server version for the right syntax to use near 'FROM transactions  
        WHERE type = 'receita'' at line 2
12-03-2024 22:15:51 - Erro ao trazer receitas:SQLSTATE[23000]: Integrity constraint violation: 1052 Column 'type' in where clause is ambiguous
12-03-2024 22:16:33 - Erro ao trazer receitas:SQLSTATE[23000]: Integrity constraint violation: 1052 Column 'type' in where clause is ambiguous
14-03-2024 14:44:08 - Erro ao buscar famílias SQLSTATE[42000]: Syntax error or access violation: 1064 You have an error in your SQL syntax; check the manual that corresponds to your MariaDB server version for the right syntax to use near 'f.id <> 8' at line 1
24-03-2024 15:34:06 - Erro ao efetuar conexão com banco de dados: could not find driver
24-03-2024 15:34:35 - Erro ao efetuar conexão com banco de dados: could not find driver
24-03-2024 15:34:50 - Erro ao efetuar conexão com banco de dados: could not find driver
24-03-2024 15:42:39 - Erro ao efetuar conexão com banco de dados: could not find driver
24-03-2024 15:43:55 - Erro ao efetuar conexão com banco de dados: could not find driver
24-03-2024 15:45:14 - Erro ao efetuar conexão com banco de dados: could not find driver
24-03-2024 15:45:27 - Erro ao efetuar conexão com banco de dados: could not find driver
24-03-2024 15:47:34 - Erro ao efetuar conexão com banco de dados: could not find driver
24-03-2024 15:50:43 - Erro ao efetuar conexão com banco de dados: could not find driver
24-03-2024 15:51:24 - Erro ao efetuar conexão com banco de dados: could not find driver
24-03-2024 16:06:19 - Erro ao efetuar conexão com banco de dados: SQLSTATE[HY000] [2002] No such file or directory
24-03-2024 16:07:05 - Erro ao efetuar conexão com banco de dados: SQLSTATE[HY000] [2002] No such file or directory
24-03-2024 16:10:11 - Erro ao efetuar conexão com banco de dados: SQLSTATE[HY000] [2002] No such file or directory
24-03-2024 16:12:10 - Erro ao efetuar conexão com banco de dados: SQLSTATE[HY000] [2002] No such file or directory
24-03-2024 16:12:37 - Erro ao efetuar conexão com banco de dados: SQLSTATE[HY000] [2002] No such file or directory
24-03-2024 16:12:59 - Erro ao efetuar conexão com banco de dados: SQLSTATE[HY000] [2002] No such file or directory
24-03-2024 16:18:51 - Erro ao efetuar conexão com banco de dados: SQLSTATE[HY000] [2002] No such file or directory
24-03-2024 16:21:47 - Erro ao efetuar conexão com banco de dados: SQLSTATE[HY000] [2002] No such file or directory
24-03-2024 16:23:11 - Erro ao efetuar conexão com banco de dados: SQLSTATE[HY000] [2002] Connection refused
24-03-2024 16:23:51 - Erro ao efetuar conexão com banco de dados: SQLSTATE[HY000] [2002] Connection refused
24-03-2024 16:24:34 - Erro ao efetuar conexão com banco de dados: SQLSTATE[HY000] [2002] Connection refused
24-03-2024 16:59:01 - Erro ao efetuar conexão com banco de dados: SQLSTATE[HY000] [2002] Connection refused
